Log Partition Coefficient: 22.80650
Log Partition Coefficient: 29.76045
Log Partition Coefficient: 32.06900
Log Partition Coefficient: 27.86520
Log Partition Coefficient: 27.27648
Log Partition Coefficient: 19.90981
Log Partition Coefficient: 25.20150
Log Partition Coefficient: 32.25295
Log Partition Coefficient: 33.24933
Log Partition Coefficient: 28.40680
Log Partition Coefficient: 25.35956
Log Partition Coefficient: 16.07598
Log Partition Coefficient: 21.73812
Log Partition Coefficient: 24.54329
Log Partition Coefficient: 60.96392
Log Partition Coefficient: 27.72014
Log Partition Coefficient: 24.74001
Log Partition Coefficient: 26.11863
Log Partition Coefficient: 29.59020
Log Partition Coefficient: 29.24301
Log Partition Coefficient: 22.28813
Log Partition Coefficient: 30.44660
Log Partition Coefficient: 35.91174
Log Partition Coefficient: 23.36487
Log Partition Coefficient: 27.63176
Log Partition Coefficient: 32.76050
Log Partition Coefficient: 39.59811
Log Partition Coefficient: 31.54464
Log Partition Coefficient: 23.91636
Log Partition Coefficient: 34.72798
Log Partition Coefficient: 22.52779
Log Partition Coefficient: 14.22957
Log Partition Coefficient: 34.83932
Log Partition Coefficient: 16.85335
Log Partition Coefficient: 27.95133
Log Partition Coefficient: 27.14749
Log Partition Coefficient: 22.23767
Log Partition Coefficient: 32.60487
Log Partition Coefficient: 23.26342
Log Partition Coefficient: 51.81570
Log Partition Coefficient: 42.89791
Log Partition Coefficient: 26.35109
Log Partition Coefficient: 35.49447
Log Partition Coefficient: 26.41436
Log Partition Coefficient: 20.80585
Log Partition Coefficient: 27.71126
Log Partition Coefficient: 29.16326
Log Partition Coefficient: 26.44937
Log Partition Coefficient: 28.65649
Log Partition Coefficient: 35.75281
Log Partition Coefficient: 17.70450
Log Partition Coefficient: 23.03079
Log Partition Coefficient: 23.68025
Log Partition Coefficient: 62.94740
Log Partition Coefficient: 29.95035
Log Partition Coefficient: 28.97112
Log Partition Coefficient: 25.44069
Log Partition Coefficient: 20.35996
Log Partition Coefficient: 28.57174
Log Partition Coefficient: 28.03017
Log Partition Coefficient: 19.38575
Log Partition Coefficient: 35.19222
Log Partition Coefficient: 27.96797
Log Partition Coefficient: 41.45520
Log Partition Coefficient: 18.23140
Log Partition Coefficient: 45.08414
Log Partition Coefficient: 27.93250
Log Partition Coefficient: 31.39930
Log Partition Coefficient: 37.15925
Log Partition Coefficient: 24.11219
Log Partition Coefficient: 20.14191
Log Partition Coefficient: 20.26635
Log Partition Coefficient: 34.72902
Log Partition Coefficient: 36.85320
Log Partition Coefficient: 26.03218
Log Partition Coefficient: 39.12184
Log Partition Coefficient: 36.67599
Log Partition Coefficient: 18.25410
Log Partition Coefficient: 23.50397
Log Partition Coefficient: 18.57372
Log Partition Coefficient: 36.68561
Log Partition Coefficient: 19.84772
Log Partition Coefficient: 21.68231
Log Partition Coefficient: 24.09218
Log Partition Coefficient: 16.22118
Log Partition Coefficient: 26.03993
Log Partition Coefficient: 24.21167
Log Partition Coefficient: 55.61712
Log Partition Coefficient: 42.05894
Log Partition Coefficient: 32.01597
Log Partition Coefficient: 32.72070
Log Partition Coefficient: 22.77765
Log Partition Coefficient: 21.42539
Log Partition Coefficient: 18.57678
Log Partition Coefficient: 25.96523
Log Partition Coefficient: 24.23531
Log Partition Coefficient: 45.54467
Log Partition Coefficient: 23.03643
Log Partition Coefficient: 22.89736
Log Partition Coefficient: 81.16843
Log Partition Coefficient: 24.30927
Log Partition Coefficient: 31.79785
Log Partition Coefficient: 20.56433
Log Partition Coefficient: 25.65860
Log Partition Coefficient: 26.77935
Log Partition Coefficient: 25.07815
Log Partition Coefficient: 25.74181
Log Partition Coefficient: 21.49788
Log Partition Coefficient: 32.66894
Log Partition Coefficient: 22.28634
Log Partition Coefficient: 37.48236
Log Partition Coefficient: 26.32445
Log Partition Coefficient: 30.78616
Log Partition Coefficient: 26.90807
Log Partition Coefficient: 32.12127
Log Partition Coefficient: 29.00064
Log Partition Coefficient: 23.20471
Log Partition Coefficient: 34.02540
Log Partition Coefficient: 38.66214
Log Partition Coefficient: 30.48341
Log Partition Coefficient: 23.55541
Log Partition Coefficient: 18.64437
Log Partition Coefficient: 27.88206
Log Partition Coefficient: 28.14912
Log Partition Coefficient: 23.35058
Log Partition Coefficient: 26.36663
Log Partition Coefficient: 26.23568
Log Partition Coefficient: 27.30575
Log Partition Coefficient: 26.60638
Log Partition Coefficient: 28.91890
Log Partition Coefficient: 25.37878
Log Partition Coefficient: 30.33225
Log Partition Coefficient: 35.31482
Log Partition Coefficient: 21.46672
Log Partition Coefficient: 27.05258
Log Partition Coefficient: 34.10669
Log Partition Coefficient: 23.86398
Log Partition Coefficient: 18.99562
Log Partition Coefficient: 65.17208
Log Partition Coefficient: 32.40076
Log Partition Coefficient: 23.81547
Log Partition Coefficient: 28.10509
Log Partition Coefficient: 22.77956
Log Partition Coefficient: 20.58262
Log Partition Coefficient: 24.73683
Log Partition Coefficient: 36.34485
Log Partition Coefficient: 14.44773
Log Partition Coefficient: 21.31513
Log Partition Coefficient: 18.04643
Log Partition Coefficient: 22.47598
Log Partition Coefficient: 27.48525
Log Partition Coefficient: 35.96360
Log Partition Coefficient: 21.21784
Log Partition Coefficient: 40.11973
Log Partition Coefficient: 30.18770
Log Partition Coefficient: 23.90100
Log Partition Coefficient: 18.34597
Log Partition Coefficient: 26.16842
Log Partition Coefficient: 28.17655
Log Partition Coefficient: 26.14552
Log Partition Coefficient: 21.51508
Log Partition Coefficient: 26.62197
Log Partition Coefficient: 28.75427
Log Partition Coefficient: 25.54516
Log Partition Coefficient: 19.99363
Log Partition Coefficient: 23.63703
Log Partition Coefficient: 22.18751
Log Partition Coefficient: 38.71409
Log Partition Coefficient: 21.66281
Log Partition Coefficient: 22.02448
Log Partition Coefficient: 24.81905
Log Partition Coefficient: 46.83425
Log Partition Coefficient: 23.69962
Log Partition Coefficient: 26.38883
Log Partition Coefficient: 26.38149
Log Partition Coefficient: 17.37753
Log Partition Coefficient: 30.54019
Log Partition Coefficient: 36.45794
Log Partition Coefficient: 20.87217
Log Partition Coefficient: 18.43018
Log Partition Coefficient: 25.65229
Log Partition Coefficient: 19.44030
Log Partition Coefficient: 18.53256
Log Partition Coefficient: 24.91125
Log Partition Coefficient: 33.81354
Log Partition Coefficient: 22.81465
Log Partition Coefficient: 34.70709
Log Partition Coefficient: 27.92978
Log Partition Coefficient: 23.41614
Log Partition Coefficient: 35.83061
Log Partition Coefficient: 24.51941
Log Partition Coefficient: 20.42327
Log Partition Coefficient: 13.15962
Log Partition Coefficient: 46.29771
Log Partition Coefficient: 40.79585
Log Partition Coefficient: 27.73519
Log Partition Coefficient: 25.07697
Log Partition Coefficient: 25.48359
Log Partition Coefficient: 26.28866
Log Partition Coefficient: 20.04945
Log Partition Coefficient: 29.80561
Log Partition Coefficient: 25.14519
Log Partition Coefficient: 25.19791
Log Partition Coefficient: 29.07427
Log Partition Coefficient: 38.14676
Log Partition Coefficient: 24.39566
Log Partition Coefficient: 27.31934
Log Partition Coefficient: 24.31102
Log Partition Coefficient: 15.01443
Log Partition Coefficient: 24.52398
Log Partition Coefficient: 28.90227
Log Partition Coefficient: 37.68752
Log Partition Coefficient: 22.71981
Log Partition Coefficient: 26.67201
Log Partition Coefficient: 36.42166
Log Partition Coefficient: 28.31334
Log Partition Coefficient: 14.54960
Log Partition Coefficient: 28.79484
Log Partition Coefficient: 22.80285
Log Partition Coefficient: 41.93711
Log Partition Coefficient: 19.85964
Log Partition Coefficient: 22.41266
Log Partition Coefficient: 25.62988
Log Partition Coefficient: 39.75666
Log Partition Coefficient: 32.54339
Log Partition Coefficient: 36.59829
Log Partition Coefficient: 29.97672
Log Partition Coefficient: 22.34899
Log Partition Coefficient: 25.14103
Log Partition Coefficient: 33.56444
Log Partition Coefficient: 23.38738
Log Partition Coefficient: 43.41184
Log Partition Coefficient: 38.82000
Log Partition Coefficient: 25.68515
Log Partition Coefficient: 29.94128
Log Partition Coefficient: 21.64829
Log Partition Coefficient: 24.51341
Log Partition Coefficient: 18.28221
Log Partition Coefficient: 67.30977
Log Partition Coefficient: 38.03493
Log Partition Coefficient: 25.81400
Log Partition Coefficient: 20.40451
Log Partition Coefficient: 22.40051
Log Partition Coefficient: 26.18380
Log Partition Coefficient: 23.50615
Log Partition Coefficient: 24.12649
Log Partition Coefficient: 32.01818
Log Partition Coefficient: 22.30711
Log Partition Coefficient: 39.38319
Log Partition Coefficient: 22.84358
Log Partition Coefficient: 21.46573
Log Partition Coefficient: 38.74477
Log Partition Coefficient: 16.86036
Log Partition Coefficient: 19.59411
Log Partition Coefficient: 32.53119
Log Partition Coefficient: 28.35612
Log Partition Coefficient: 21.64627
Log Partition Coefficient: 20.80978
Log Partition Coefficient: 20.22126
Log Partition Coefficient: 42.11493
Log Partition Coefficient: 20.82709
Log Partition Coefficient: 31.77548
Log Partition Coefficient: 23.23061
Log Partition Coefficient: 23.22376
Log Partition Coefficient: 18.58280
Log Partition Coefficient: 23.97910
Log Partition Coefficient: 29.94818
Log Partition Coefficient: 27.50948
Log Partition Coefficient: 24.34775
Log Partition Coefficient: 31.50795
Log Partition Coefficient: 54.44296
Log Partition Coefficient: 14.35713
Log Partition Coefficient: 23.58423
Log Partition Coefficient: 19.38238
Log Partition Coefficient: 21.79667
Log Partition Coefficient: 26.56016
Log Partition Coefficient: 19.79857
Log Partition Coefficient: 17.27809
Log Partition Coefficient: 27.42629
Log Partition Coefficient: 26.27367
Log Partition Coefficient: 24.42186
Log Partition Coefficient: 27.50762
Log Partition Coefficient: 29.21358
Log Partition Coefficient: 27.33650
Log Partition Coefficient: 26.28536
Log Partition Coefficient: 24.27596
Log Partition Coefficient: 15.30623
Log Partition Coefficient: 32.22563
Log Partition Coefficient: 22.59840
Log Partition Coefficient: 17.29258
Log Partition Coefficient: 19.02160
Log Partition Coefficient: 25.80511
Log Partition Coefficient: 54.84371
Log Partition Coefficient: 23.56793
Log Partition Coefficient: 27.72464
Log Partition Coefficient: 28.68213
Log Partition Coefficient: 23.09036
Log Partition Coefficient: 27.08560
Log Partition Coefficient: 21.83409
Log Partition Coefficient: 32.21207
Log Partition Coefficient: 15.43608
Log Partition Coefficient: 25.89649
Log Partition Coefficient: 25.49331
Log Partition Coefficient: 25.05387
Log Partition Coefficient: 19.00463
Log Partition Coefficient: 39.25377
Log Partition Coefficient: 18.92295
Log Partition Coefficient: 19.31897
Log Partition Coefficient: 19.77796
Log Partition Coefficient: 18.81313
Log Partition Coefficient: 30.73033
Log Partition Coefficient: 18.48627
Log Partition Coefficient: 36.08097
Log Partition Coefficient: 19.15926
Log Partition Coefficient: 28.20997
Log Partition Coefficient: 30.63074
Log Partition Coefficient: 29.80351
Log Partition Coefficient: 27.37334
Log Partition Coefficient: 36.77889
Log Partition Coefficient: 25.73847
Log Partition Coefficient: 28.67037
Log Partition Coefficient: 37.08515
Log Partition Coefficient: 36.49682
Log Partition Coefficient: 38.02817
Log Partition Coefficient: 28.93231
Log Partition Coefficient: 21.73324
Log Partition Coefficient: 20.68612
Log Partition Coefficient: 26.94196
Log Partition Coefficient: 34.16063
Log Partition Coefficient: 17.76372
Log Partition Coefficient: 25.77373
Log Partition Coefficient: 21.14434
Log Partition Coefficient: 27.53611
Log Partition Coefficient: 17.70007
Log Partition Coefficient: 21.89455
Log Partition Coefficient: 18.87049
Log Partition Coefficient: 18.98521
Log Partition Coefficient: 17.52309
Log Partition Coefficient: 39.23484
Log Partition Coefficient: 35.76792
Log Partition Coefficient: 23.34284
Log Partition Coefficient: 39.55774
Log Partition Coefficient: 26.87498
Log Partition Coefficient: 18.96591
Log Partition Coefficient: 76.74049
Log Partition Coefficient: 24.33347
Log Partition Coefficient: 25.55039
Log Partition Coefficient: 16.25361
Log Partition Coefficient: 21.52010
Log Partition Coefficient: 36.65878
Log Partition Coefficient: 24.08884
Log Partition Coefficient: 27.04044
Log Partition Coefficient: 24.23359
Log Partition Coefficient: 22.93067
Log Partition Coefficient: 30.15264
Log Partition Coefficient: 21.66268
Log Partition Coefficient: 39.11523
Log Partition Coefficient: 17.97413
Log Partition Coefficient: 29.27429
Log Partition Coefficient: 66.74199
Log Partition Coefficient: 14.03403
Log Partition Coefficient: 13.61017
Log Partition Coefficient: 28.52530
Log Partition Coefficient: 19.89892
Log Partition Coefficient: 33.03326
Log Partition Coefficient: 19.01536
Log Partition Coefficient: 22.04514
Log Partition Coefficient: 42.09011
Log Partition Coefficient: 20.12888
Log Partition Coefficient: 39.91519
Log Partition Coefficient: 23.72785
Log Partition Coefficient: 18.67338
Log Partition Coefficient: 36.18047
Log Partition Coefficient: 26.42121
Log Partition Coefficient: 33.46490
Log Partition Coefficient: 21.39900
Log Partition Coefficient: 29.11238
Log Partition Coefficient: 34.92235
Log Partition Coefficient: 32.65316
Log Partition Coefficient: 14.60696
Log Partition Coefficient: 24.77251
Log Partition Coefficient: 22.39619
Log Partition Coefficient: 29.04118
Log Partition Coefficient: 19.62997
Log Partition Coefficient: 21.85837
Log Partition Coefficient: 24.50019
Log Partition Coefficient: 20.78152
Log Partition Coefficient: 27.57905
Log Partition Coefficient: 21.98449
Log Partition Coefficient: 19.11120
Log Partition Coefficient: 18.40336
Log Partition Coefficient: 22.81359
Log Partition Coefficient: 13.87904
Log Partition Coefficient: 50.67491
Log Partition Coefficient: 23.69002
Log Partition Coefficient: 25.63073
Log Partition Coefficient: 15.57905
Log Partition Coefficient: 35.33701
Log Partition Coefficient: 23.00687
Log Partition Coefficient: 20.33415
Log Partition Coefficient: 20.04018
Log Partition Coefficient: 19.30678
Log Partition Coefficient: 17.69812
Log Partition Coefficient: 29.87462
Log Partition Coefficient: 20.98566
Log Partition Coefficient: 22.11737
Log Partition Coefficient: 33.09514
Log Partition Coefficient: 39.26995
Log Partition Coefficient: 37.18660
Log Partition Coefficient: 34.38021
Log Partition Coefficient: 18.24710
Log Partition Coefficient: 21.46284
Log Partition Coefficient: 31.94165
Log Partition Coefficient: 17.31136
Log Partition Coefficient: 19.92748
Log Partition Coefficient: 34.93309
Log Partition Coefficient: 22.04583
Log Partition Coefficient: 20.11036
Log Partition Coefficient: 19.80101
Log Partition Coefficient: 25.75336
Log Partition Coefficient: 31.97732
Log Partition Coefficient: 24.02618
Log Partition Coefficient: 26.12813
Log Partition Coefficient: 29.69002
Log Partition Coefficient: 22.47800
Log Partition Coefficient: 20.90744
Log Partition Coefficient: 26.37028
Log Partition Coefficient: 34.75940
Log Partition Coefficient: 16.61476
Log Partition Coefficient: 20.43904
Log Partition Coefficient: 34.98664
Log Partition Coefficient: 25.51836
Log Partition Coefficient: 22.76529
Log Partition Coefficient: 21.67784
Log Partition Coefficient: 23.82303
Log Partition Coefficient: 26.90210
Log Partition Coefficient: 21.91091
Log Partition Coefficient: 38.59124
Log Partition Coefficient: 24.53692
Log Partition Coefficient: 18.96994
Log Partition Coefficient: 22.34565
Log Partition Coefficient: 31.79074
Log Partition Coefficient: 17.04592
Log Partition Coefficient: 69.88994
Log Partition Coefficient: 22.76332
Log Partition Coefficient: 20.18542
Log Partition Coefficient: 28.79978
Log Partition Coefficient: 18.95471
Log Partition Coefficient: 36.23869
Log Partition Coefficient: 31.94547
Log Partition Coefficient: 22.51803
Log Partition Coefficient: 29.62227
Log Partition Coefficient: 17.23721
Log Partition Coefficient: 20.85861
Log Partition Coefficient: 22.76520
Log Partition Coefficient: 20.35979
Log Partition Coefficient: 39.47194
Log Partition Coefficient: 15.17355
Log Partition Coefficient: 26.49082
Log Partition Coefficient: 23.44831
Log Partition Coefficient: 22.44959
Log Partition Coefficient: 27.20368
Log Partition Coefficient: 35.80030
Log Partition Coefficient: 26.16905
Log Partition Coefficient: 21.05858
Log Partition Coefficient: 30.40762
Log Partition Coefficient: 42.54074
Log Partition Coefficient: 38.02961
Log Partition Coefficient: 30.90986
Log Partition Coefficient: 19.03973
Log Partition Coefficient: 42.03356
Log Partition Coefficient: 29.99394
Log Partition Coefficient: 18.74568
Log Partition Coefficient: 37.00875
Log Partition Coefficient: 27.75951
Log Partition Coefficient: 23.99043
Log Partition Coefficient: 28.49532
Log Partition Coefficient: 44.49945
Log Partition Coefficient: 29.75659
Log Partition Coefficient: 20.26219
Log Partition Coefficient: 29.07714
Log Partition Coefficient: 26.89805
Log Partition Coefficient: 31.19160
Log Partition Coefficient: 29.51362
Log Partition Coefficient: 46.65021
Log Partition Coefficient: 16.78355
Log Partition Coefficient: 21.47738
Log Partition Coefficient: 40.19352
Log Partition Coefficient: 23.74253
Log Partition Coefficient: 29.32602
Log Partition Coefficient: 27.45962
Log Partition Coefficient: 24.00501
Log Partition Coefficient: 22.32852
Log Partition Coefficient: 18.56320
Log Partition Coefficient: 29.98655
Log Partition Coefficient: 19.79044
Log Partition Coefficient: 17.57327
Log Partition Coefficient: 30.03786
Log Partition Coefficient: 23.33943
Log Partition Coefficient: 32.90690
Log Partition Coefficient: 11.86920
Log Partition Coefficient: 26.58176
Log Partition Coefficient: 58.66170
Log Partition Coefficient: 32.93121
Log Partition Coefficient: 61.99406
Log Partition Coefficient: 32.01077
Log Partition Coefficient: 27.34035
Log Partition Coefficient: 41.87380
Log Partition Coefficient: 30.11747
Log Partition Coefficient: 19.35816
Log Partition Coefficient: 18.68547
Log Partition Coefficient: 42.64205
Log Partition Coefficient: 51.14401
Log Partition Coefficient: 48.70772
Log Partition Coefficient: 10.47021
Log Partition Coefficient: 24.81706
Log Partition Coefficient: 37.29924
Log Partition Coefficient: 24.66874
Log Partition Coefficient: 30.87637
Log Partition Coefficient: 21.54407
Log Partition Coefficient: 22.22397
Log Partition Coefficient: 29.03097
Log Partition Coefficient: 34.93969
Log Partition Coefficient: 19.69371
Log Partition Coefficient: 39.43086
Log Partition Coefficient: 46.25593
Log Partition Coefficient: 5.23504
Log Partition Coefficient: 25.66077
Log Partition Coefficient: 43.19750
Log Partition Coefficient: 47.81818
Log Partition Coefficient: 64.02772
Log Partition Coefficient: 29.83525
Log Partition Coefficient: 25.09335
Log Partition Coefficient: 44.28482
Log Partition Coefficient: 108.23881
Log Partition Coefficient: 27.52608
Log Partition Coefficient: 74.48956
Log Partition Coefficient: 57.03998
Log Partition Coefficient: 21.58218
Log Partition Coefficient: 45.76564
Log Partition Coefficient: 59.60421
Log Partition Coefficient: 37.39312
Log Partition Coefficient: 9.76651
Log Partition Coefficient: 28.51375
Log Partition Coefficient: 45.95218
Log Partition Coefficient: 41.19485
Log Partition Coefficient: 36.05915
Log Partition Coefficient: 21.52816
Log Partition Coefficient: 30.98102
Log Partition Coefficient: 26.72894
Log Partition Coefficient: 25.31388
Log Partition Coefficient: 32.25089
Log Partition Coefficient: 40.94268
Log Partition Coefficient: 39.29450
Log Partition Coefficient: 23.80251
Log Partition Coefficient: 41.75615
Log Partition Coefficient: 15.78215
Log Partition Coefficient: 42.03584
Log Partition Coefficient: 29.76416
Log Partition Coefficient: 30.38298
Log Partition Coefficient: 27.59855
Log Partition Coefficient: 29.92579
Log Partition Coefficient: 24.33101
Log Partition Coefficient: 33.16705
Log Partition Coefficient: 16.71109
Log Partition Coefficient: 19.14022
Log Partition Coefficient: 32.04220
Log Partition Coefficient: 33.42146
Log Partition Coefficient: 50.52167
Log Partition Coefficient: 36.35139
Log Partition Coefficient: 46.15274
Log Partition Coefficient: 27.06897
Log Partition Coefficient: 35.70134
Log Partition Coefficient: 28.76567
Log Partition Coefficient: 34.35171
Log Partition Coefficient: 32.97360
Log Partition Coefficient: 26.44694
Log Partition Coefficient: 33.07295
Log Partition Coefficient: 23.80134
Log Partition Coefficient: 33.49493
Log Partition Coefficient: 29.36029
Log Partition Coefficient: 22.99413
Log Partition Coefficient: 53.23565
Log Partition Coefficient: 43.07845
Log Partition Coefficient: 54.06500
Log Partition Coefficient: 45.68752
Log Partition Coefficient: 28.22180
Log Partition Coefficient: 46.10518
Log Partition Coefficient: 23.71193
Log Partition Coefficient: 34.56701
Log Partition Coefficient: 24.28170
Log Partition Coefficient: 32.65034
Log Partition Coefficient: 43.26665
Log Partition Coefficient: 34.03610
Log Partition Coefficient: 34.37906
Log Partition Coefficient: 22.89444
Log Partition Coefficient: 42.75182
Log Partition Coefficient: 22.94900
Log Partition Coefficient: 24.47595
Log Partition Coefficient: 33.91798
Log Partition Coefficient: 33.87574
Log Partition Coefficient: 28.87095
Log Partition Coefficient: 76.83632
Log Partition Coefficient: 21.50774
Log Partition Coefficient: 36.34949
Log Partition Coefficient: 28.90102
Log Partition Coefficient: 84.27096
Log Partition Coefficient: 47.12448
Log Partition Coefficient: 34.08985
Log Partition Coefficient: 40.66273
Log Partition Coefficient: 43.56745
Log Partition Coefficient: 45.64961
Log Partition Coefficient: 45.54134
Log Partition Coefficient: 48.29232
Log Partition Coefficient: 22.23487
Log Partition Coefficient: 46.41595
Log Partition Coefficient: 36.84800
Log Partition Coefficient: 37.45780
Log Partition Coefficient: 38.84792
Log Partition Coefficient: 27.59846
Log Partition Coefficient: 29.55884
Log Partition Coefficient: 45.40294
Log Partition Coefficient: 49.34146
Log Partition Coefficient: 46.93555
Log Partition Coefficient: 32.27798
Log Partition Coefficient: 53.81665
Log Partition Coefficient: 27.04616
Log Partition Coefficient: 31.58953
Log Partition Coefficient: 29.45339
Log Partition Coefficient: 44.86424
Log Partition Coefficient: 23.14062
Log Partition Coefficient: 40.73106
Log Partition Coefficient: 19.66157
Log Partition Coefficient: 47.20244
Log Partition Coefficient: 25.37194
Log Partition Coefficient: 27.47910
Log Partition Coefficient: 15.74391
Log Partition Coefficient: 17.76718
Log Partition Coefficient: 23.04591
Log Partition Coefficient: 25.86838
Log Partition Coefficient: 111.92017
Log Partition Coefficient: 42.73206
Log Partition Coefficient: 56.96624
Log Partition Coefficient: 18.63747
Log Partition Coefficient: 34.15655
Log Partition Coefficient: 35.57078
Log Partition Coefficient: 39.45425
Log Partition Coefficient: 28.62192
Log Partition Coefficient: 22.08303
Log Partition Coefficient: 26.37701
Log Partition Coefficient: 49.15972
Log Partition Coefficient: 16.55758
Log Partition Coefficient: 41.79338
Log Partition Coefficient: 20.08527
Log Partition Coefficient: 73.92948
Log Partition Coefficient: 40.25597
Log Partition Coefficient: 43.50482
Log Partition Coefficient: 63.40129
Log Partition Coefficient: 44.71919
Log Partition Coefficient: 61.26777
Log Partition Coefficient: 28.99708
Log Partition Coefficient: 30.90368
Log Partition Coefficient: 24.56880
Log Partition Coefficient: 43.47425
Log Partition Coefficient: 18.12920
Log Partition Coefficient: 33.45584
Log Partition Coefficient: 31.00155
Log Partition Coefficient: 82.54605
Log Partition Coefficient: 26.69755
Log Partition Coefficient: 31.42695
Log Partition Coefficient: 38.80766
Log Partition Coefficient: 21.26781
Log Partition Coefficient: 20.35200
Log Partition Coefficient: 35.65309
Log Partition Coefficient: 53.29755
Log Partition Coefficient: 15.39517
Log Partition Coefficient: 52.45536
Log Partition Coefficient: 23.39938
Log Partition Coefficient: 19.44259
Log Partition Coefficient: 16.06727
Log Partition Coefficient: 43.67312
Log Partition Coefficient: 51.83358
Log Partition Coefficient: 24.50598
Log Partition Coefficient: 38.30977
Log Partition Coefficient: 22.21450
Log Partition Coefficient: 24.84221
Log Partition Coefficient: 48.85406
Log Partition Coefficient: 39.23533
Log Partition Coefficient: 27.24784
Log Partition Coefficient: 20.48190
Log Partition Coefficient: 39.33001
Log Partition Coefficient: 38.84290
Log Partition Coefficient: 25.37196
Log Partition Coefficient: 17.27727
Log Partition Coefficient: 17.60283
Log Partition Coefficient: 18.03388
Log Partition Coefficient: 38.64139
Log Partition Coefficient: 29.08915
Log Partition Coefficient: 23.60563
Log Partition Coefficient: 31.09052
Log Partition Coefficient: 30.32799
Log Partition Coefficient: 42.53085
Log Partition Coefficient: 38.26137
Log Partition Coefficient: 23.93606
Log Partition Coefficient: 37.31601
Log Partition Coefficient: 20.85755
Log Partition Coefficient: 43.67000
Log Partition Coefficient: 20.06360
Log Partition Coefficient: 52.44773
Log Partition Coefficient: 31.14712
Log Partition Coefficient: 18.16660
Log Partition Coefficient: 15.72017
Log Partition Coefficient: 32.16554
Log Partition Coefficient: 73.74536
Log Partition Coefficient: 23.00958
Log Partition Coefficient: 38.51009
Log Partition Coefficient: 27.78019
Log Partition Coefficient: 5.81889
Log Partition Coefficient: 29.30608
Log Partition Coefficient: 19.44255
Log Partition Coefficient: 49.08215
Log Partition Coefficient: 35.03791
Log Partition Coefficient: 50.39766
Log Partition Coefficient: 18.18990
Log Partition Coefficient: 25.78300
Log Partition Coefficient: 31.59536
Log Partition Coefficient: 49.18737
Log Partition Coefficient: 33.78117
Log Partition Coefficient: 30.38001
Log Partition Coefficient: 55.04134
Log Partition Coefficient: 23.28246
Log Partition Coefficient: 32.41795
Log Partition Coefficient: 21.77326
Log Partition Coefficient: 25.63100
Log Partition Coefficient: 18.82823
Log Partition Coefficient: 41.50390
Log Partition Coefficient: 41.12290
Log Partition Coefficient: 38.69676
Log Partition Coefficient: 30.84581
Log Partition Coefficient: 98.54892
Log Partition Coefficient: 9.51458
Log Partition Coefficient: 33.54512
Log Partition Coefficient: 16.31300
Log Partition Coefficient: 49.34227
Log Partition Coefficient: 44.21339
Log Partition Coefficient: 30.32122
Log Partition Coefficient: 40.83551
Log Partition Coefficient: 41.66701
Log Partition Coefficient: 31.63995
Log Partition Coefficient: 58.12083
Log Partition Coefficient: 48.02548
Log Partition Coefficient: 29.97907
Log Partition Coefficient: 16.68199
Log Partition Coefficient: 47.15104
Log Partition Coefficient: 27.83715
Log Partition Coefficient: 18.96071
Log Partition Coefficient: 50.31488
Log Partition Coefficient: 14.65952
Log Partition Coefficient: 28.64478
Log Partition Coefficient: 26.68575
Log Partition Coefficient: 33.95694
Log Partition Coefficient: 29.48288
Log Partition Coefficient: 45.32931
Log Partition Coefficient: 38.58732
Log Partition Coefficient: 32.74300
Log Partition Coefficient: 25.99767
Log Partition Coefficient: 24.24617
Log Partition Coefficient: 28.23799
Log Partition Coefficient: 33.71303
Log Partition Coefficient: 28.24111
Log Partition Coefficient: 24.00709
Log Partition Coefficient: 19.44039
Log Partition Coefficient: 20.12078
Log Partition Coefficient: 43.38119
Log Partition Coefficient: 36.36663
Log Partition Coefficient: 31.72719
Log Partition Coefficient: 34.54536
Log Partition Coefficient: 24.09321
Log Partition Coefficient: 22.41657
Log Partition Coefficient: 59.39118
Log Partition Coefficient: 24.34024
Log Partition Coefficient: 18.37244
Log Partition Coefficient: 25.86964
Log Partition Coefficient: 32.24321
Log Partition Coefficient: 23.67543
Log Partition Coefficient: 62.73888
Log Partition Coefficient: 30.31364
Log Partition Coefficient: 59.89958
Log Partition Coefficient: 37.46176
Log Partition Coefficient: 32.27978
Log Partition Coefficient: 26.78082
Log Partition Coefficient: 37.22025
Log Partition Coefficient: 39.57406
Log Partition Coefficient: 40.21000
Log Partition Coefficient: 23.16131
Log Partition Coefficient: 25.42775
Log Partition Coefficient: 25.14997
Log Partition Coefficient: 54.47775
Log Partition Coefficient: 24.38286
Log Partition Coefficient: 30.61395
Log Partition Coefficient: 28.18921
Log Partition Coefficient: 37.14386
Log Partition Coefficient: 47.68685
Log Partition Coefficient: 58.72970
Log Partition Coefficient: 19.60195
Log Partition Coefficient: 16.36787
Log Partition Coefficient: 29.27058
Log Partition Coefficient: 21.96939
Log Partition Coefficient: 18.16546
Log Partition Coefficient: 44.24711
Log Partition Coefficient: 27.33874
Log Partition Coefficient: 24.76500
Log Partition Coefficient: 32.92292
Log Partition Coefficient: 48.90443
Log Partition Coefficient: 46.96539
Log Partition Coefficient: 19.90514
Log Partition Coefficient: 27.53980
Log Partition Coefficient: 28.03966
Log Partition Coefficient: 42.50125
Log Partition Coefficient: 23.99080
Log Partition Coefficient: 26.36348
Log Partition Coefficient: 26.17014
Log Partition Coefficient: 26.68652
Log Partition Coefficient: 42.53092
Log Partition Coefficient: 49.69020
Log Partition Coefficient: 44.14673
Log Partition Coefficient: 48.55239
Log Partition Coefficient: 24.25919
Log Partition Coefficient: 23.90181
Log Partition Coefficient: 43.83372
Log Partition Coefficient: 24.92366
Log Partition Coefficient: 27.50247
Log Partition Coefficient: 41.04139
Log Partition Coefficient: 46.26218
Log Partition Coefficient: 52.76811
Log Partition Coefficient: 34.39400
Log Partition Coefficient: 18.17937
Log Partition Coefficient: 28.09405
Log Partition Coefficient: 18.39725
Log Partition Coefficient: 26.60213
Log Partition Coefficient: 33.79293
Log Partition Coefficient: 31.34702
Log Partition Coefficient: 23.26877
Log Partition Coefficient: 19.41111
Log Partition Coefficient: 28.07831
Log Partition Coefficient: 43.31111
Log Partition Coefficient: 41.13807
Log Partition Coefficient: 33.60372
Log Partition Coefficient: 22.47021
Log Partition Coefficient: 33.91377
Log Partition Coefficient: 29.85531
Log Partition Coefficient: 29.89269
Log Partition Coefficient: 20.89940
Log Partition Coefficient: 29.53592
Log Partition Coefficient: 34.00456
Log Partition Coefficient: 24.11770
Log Partition Coefficient: 36.83996
Log Partition Coefficient: 31.97745
Log Partition Coefficient: 31.18079
Log Partition Coefficient: 46.31318
Log Partition Coefficient: 33.57776
Log Partition Coefficient: 29.55756
Log Partition Coefficient: 91.01077
Log Partition Coefficient: 18.55427
Log Partition Coefficient: 18.36934
Log Partition Coefficient: 65.98758
Log Partition Coefficient: 47.06477
Log Partition Coefficient: 68.52821
Log Partition Coefficient: 24.39257
Log Partition Coefficient: 60.67493
Log Partition Coefficient: 21.80965
Log Partition Coefficient: 14.44003
Log Partition Coefficient: 33.11828
Log Partition Coefficient: 30.24278
Log Partition Coefficient: 25.97714
Log Partition Coefficient: 22.84945
Log Partition Coefficient: 34.19925
Log Partition Coefficient: 54.23080
Log Partition Coefficient: 28.73257
Log Partition Coefficient: 18.44617
Log Partition Coefficient: 20.07633
Log Partition Coefficient: 15.96242
Log Partition Coefficient: 25.62387
Log Partition Coefficient: 25.11124
Log Partition Coefficient: 50.52507
Log Partition Coefficient: 31.93606
Log Partition Coefficient: 16.09645
Log Partition Coefficient: 3.35689
Log Partition Coefficient: 17.97712
Log Partition Coefficient: 20.16092
Log Partition Coefficient: 24.40044
Log Partition Coefficient: 23.43766
Log Partition Coefficient: 25.17980
Log Partition Coefficient: 68.66037
Log Partition Coefficient: 81.22731
Log Partition Coefficient: 38.37651
Log Partition Coefficient: 44.90696
Log Partition Coefficient: 19.30706
Log Partition Coefficient: 60.05333
Log Partition Coefficient: 12.13312
Log Partition Coefficient: 55.97988
Log Partition Coefficient: 40.54787
Log Partition Coefficient: 50.85159
Log Partition Coefficient: 17.92683
Log Partition Coefficient: 27.18336
Log Partition Coefficient: 38.55638
Log Partition Coefficient: 23.32380
Log Partition Coefficient: 36.17290
Log Partition Coefficient: 24.22990
Log Partition Coefficient: 22.27447
Log Partition Coefficient: 19.81102
Log Partition Coefficient: 40.06654
Log Partition Coefficient: 15.89955
Log Partition Coefficient: 35.49339
Log Partition Coefficient: 27.99246
Log Partition Coefficient: 20.64702
Log Partition Coefficient: 22.36591
Log Partition Coefficient: 67.81860
Log Partition Coefficient: 20.25042
Log Partition Coefficient: 24.40674
Log Partition Coefficient: 14.44326
Log Partition Coefficient: 99.13355
Log Partition Coefficient: 49.70931
Log Partition Coefficient: 35.81920
Log Partition Coefficient: 30.41517
Log Partition Coefficient: 33.45057
Log Partition Coefficient: 38.68379
Log Partition Coefficient: 22.15609
Log Partition Coefficient: 42.36991
Log Partition Coefficient: 39.94611
Log Partition Coefficient: 31.40268
Log Partition Coefficient: 12.12359
Log Partition Coefficient: 28.38571
Log Partition Coefficient: 24.27178
Log Partition Coefficient: 17.22464
Log Partition Coefficient: 53.19737
Log Partition Coefficient: 50.35577
Log Partition Coefficient: 42.64288
Log Partition Coefficient: 48.13281
Log Partition Coefficient: 38.56951
Log Partition Coefficient: 20.37341
Log Partition Coefficient: 47.46492
Log Partition Coefficient: 69.81498
Log Partition Coefficient: 35.86643
Log Partition Coefficient: 84.58143
Log Partition Coefficient: 48.08335
Log Partition Coefficient: 26.27079
Log Partition Coefficient: 22.00595
Log Partition Coefficient: 20.51038
Log Partition Coefficient: 22.99593
Log Partition Coefficient: 14.17760
Log Partition Coefficient: 29.65255
Log Partition Coefficient: 27.08666
Log Partition Coefficient: 40.09971
Log Partition Coefficient: 31.37990
Log Partition Coefficient: 17.88358
Log Partition Coefficient: 18.60857
Log Partition Coefficient: 22.85255
Log Partition Coefficient: 29.00516
Log Partition Coefficient: 34.26896
Log Partition Coefficient: 32.72416
Log Partition Coefficient: 35.71394
Log Partition Coefficient: 36.70454
Log Partition Coefficient: 65.86711
Log Partition Coefficient: 26.15544
Log Partition Coefficient: 28.59386
Log Partition Coefficient: 38.50857
Log Partition Coefficient: 34.45197
Log Partition Coefficient: 35.48098
Log Partition Coefficient: 30.16339
Log Partition Coefficient: 32.54055
Log Partition Coefficient: 25.24932
Log Partition Coefficient: 20.94589
Log Partition Coefficient: 23.65548
Log Partition Coefficient: 18.92410
Log Partition Coefficient: 40.25497
Log Partition Coefficient: 31.33097
Log Partition Coefficient: 42.38772
Log Partition Coefficient: 48.14329
Log Partition Coefficient: 26.30677
Log Partition Coefficient: 28.76754
Log Partition Coefficient: 32.44413
Log Partition Coefficient: 18.33734
Log Partition Coefficient: 78.45052
Log Partition Coefficient: 43.25276
Log Partition Coefficient: 28.22646
Log Partition Coefficient: 17.43550
Log Partition Coefficient: 36.33088
Log Partition Coefficient: 27.75392
Log Partition Coefficient: 47.26007
Log Partition Coefficient: 30.90312
Log Partition Coefficient: 16.92990
Log Partition Coefficient: 40.64301
Log Partition Coefficient: 32.94250
Log Partition Coefficient: 47.79915
Log Partition Coefficient: 21.66355
Log Partition Coefficient: 27.09949
Log Partition Coefficient: 59.13670
Log Partition Coefficient: 30.91025
Log Partition Coefficient: 25.45129
  0%|          | 0/1000 [00:00<?, ?it/s]/amax/data/anaconda3/envs/RNASSR/lib/python3.7/site-packages/dgl/heterograph.py:93: DGLWarning: Recommend creating graphs by `dgl.graph(data)` instead of `dgl.DGLGraph(data)`.
  "Recommend creating graphs by `dgl.graph(data)`"
  0%|          | 0/1000 [00:00<?, ?it/s]
Traceback (most recent call last):
  File "preprocess.py", line 46, in <module>
    dataset = RNAGraphDatasetDGL(DATASET_NAME, fold_algo, probabilistic, debias=debias)
  File "/home/gaoyifei/RNARepresentation/data/RNAGraph.py", line 502, in __init__
    fold_algo=fold_algo, probabilistic=probablistic, debias=debias)
  File "/home/gaoyifei/RNARepresentation/data/RNAGraph.py", line 93, in __init__
    self.graph_lists = self._convert2dglgraph(self.seq_list, adjacency_matrix, tensor_list, self.all_id)
  File "/home/gaoyifei/RNARepresentation/data/RNAGraph.py", line 195, in _convert2dglgraph
    dgl_graph_list.append(self._constructGraph(seq_list[i], csr_matrixs[i], tensor_list[i], id_list[i]))
  File "/home/gaoyifei/RNARepresentation/data/RNAGraph.py", line 242, in _constructGraph
    grh.ndata['id'][i] = d[RBP_id]
UnboundLocalError: local variable 'RBP_id' referenced before assignment
